Using pre-set license
Built from '2020.3/staging' branch; Version is '2020.3.26f1 (7298b473bc1a) revision 7510196'; Using compiler version '192528614'; Build Type 'Release'
OS: 'Windows 11  (10.0.26100) 64bit Core' Language: 'en' Physical Memory: 32657 MB
BatchMode: 1, IsHumanControllingUs: 0, StartBugReporterOnCrash: 0, Is64bit: 1, IsPro: 0

COMMAND LINE ARGUMENTS:
D:\Unity\Versions\2020.3.26f1\Editor\Unity.exe
-adb2
-batchMode
-noUpm
-name
AssetImportWorker0
-projectPath
E:/GitHub/BallJump
-logFile
Logs/AssetImportWorker0.log
-srvPort
53964
Successfully changed project path to: E:/GitHub/BallJump
E:/GitHub/BallJump
Using Asset Import Pipeline V2.
Refreshing native plugins compatible for Editor in 28.07 ms, found 2 plugins.
Preloading 0 native plugins for Editor in 0.00 ms.
Initialize engine version: 2020.3.26f1 (7298b473bc1a)
[Subsystems] Discovering subsystems at path D:/Unity/Versions/2020.3.26f1/Editor/Data/Resources/UnitySubsystems
[Subsystems] Discovering subsystems at path E:/GitHub/BallJump/Assets
GfxDevice: creating device client; threaded=0
Direct3D:
    Version:  Direct3D 11.0 [level 11.1]
    Renderer: NVIDIA GeForce RTX 3090 (ID=0x2204)
    Vendor:   
    VRAM:     24326 MB
    Driver:   32.0.15.7283
Initialize mono
Mono path[0] = 'D:/Unity/Versions/2020.3.26f1/Editor/Data/Managed'
Mono path[1] = 'D:/Unity/Versions/2020.3.26f1/Editor/Data/MonoBleedingEdge/lib/mono/unityjit'
Mono config path = 'D:/Unity/Versions/2020.3.26f1/Editor/Data/MonoBleedingEdge/etc'
Using monoOptions --debugger-agent=transport=dt_socket,embedding=1,server=y,suspend=n,address=127.0.0.1:56000
Begin MonoManager ReloadAssembly
Registering precompiled unity dll's ...
Register platform support module: D:/Unity/Versions/2020.3.26f1/Editor/Data/PlaybackEngines/WindowsStandaloneSupport/UnityEditor.WindowsStandalone.Extensions.dll
Registered in 0.001371 seconds.
Native extension for WindowsStandalone target not found
Refreshing native plugins compatible for Editor in 26.74 ms, found 2 plugins.
Preloading 0 native plugins for Editor in 0.00 ms.
Mono: successfully reloaded assembly
- Completed reload, in  0.456 seconds
Domain Reload Profiling:
	ReloadAssembly (457ms)
		BeginReloadAssembly (54ms)
			ExecutionOrderSort (0ms)
			DisableScriptedObjects (0ms)
			BackupInstance (0ms)
			ReleaseScriptingObjects (0ms)
			CreateAndSetChildDomain (1ms)
		EndReloadAssembly (349ms)
			LoadAssemblies (53ms)
			RebuildTransferFunctionScriptingTraits (0ms)
			SetupTypeCache (118ms)
			ReleaseScriptCaches (0ms)
			RebuildScriptCaches (22ms)
			SetupLoadedEditorAssemblies (134ms)
				LogAssemblyErrors (0ms)
				InitializePlatformSupportModulesInManaged (4ms)
				SetLoadedEditorAssemblies (0ms)
				RefreshPlugins (28ms)
				BeforeProcessingInitializeOnLoad (13ms)
				ProcessInitializeOnLoadAttributes (64ms)
				ProcessInitializeOnLoadMethodAttributes (24ms)
				AfterProcessingInitializeOnLoad (0ms)
				EditorAssembliesLoaded (0ms)
			ExecutionOrderSort2 (0ms)
			AwakeInstancesAfterBackupRestoration (0ms)
Platform modules already initialized, skipping
Registering precompiled user dll's ...
Registered in 0.002457 seconds.
Begin MonoManager ReloadAssembly
Native extension for WindowsStandalone target not found
Refreshing native plugins compatible for Editor in 26.78 ms, found 2 plugins.
Preloading 0 native plugins for Editor in 0.00 ms.
Mono: successfully reloaded assembly
- Completed reload, in  0.821 seconds
Domain Reload Profiling:
	ReloadAssembly (822ms)
		BeginReloadAssembly (116ms)
			ExecutionOrderSort (0ms)
			DisableScriptedObjects (4ms)
			BackupInstance (0ms)
			ReleaseScriptingObjects (0ms)
			CreateAndSetChildDomain (12ms)
		EndReloadAssembly (664ms)
			LoadAssemblies (78ms)
			RebuildTransferFunctionScriptingTraits (0ms)
			SetupTypeCache (215ms)
			ReleaseScriptCaches (0ms)
			RebuildScriptCaches (32ms)
			SetupLoadedEditorAssemblies (266ms)
				LogAssemblyErrors (0ms)
				InitializePlatformSupportModulesInManaged (2ms)
				SetLoadedEditorAssemblies (0ms)
				RefreshPlugins (27ms)
				BeforeProcessingInitializeOnLoad (50ms)
				ProcessInitializeOnLoadAttributes (177ms)
				ProcessInitializeOnLoadMethodAttributes (7ms)
				AfterProcessingInitializeOnLoad (2ms)
				EditorAssembliesLoaded (0ms)
			ExecutionOrderSort2 (0ms)
			AwakeInstancesAfterBackupRestoration (5ms)
Platform modules already initialized, skipping
========================================================================
Worker process is ready to serve import requests
Launched and connected shader compiler UnityShaderCompiler.exe after 0.04 seconds
Refreshing native plugins compatible for Editor in 0.41 ms, found 2 plugins.
Preloading 0 native plugins for Editor in 0.00 ms.
Unloading 1857 Unused Serialized files (Serialized files now loaded: 0)
System memory in use before: 81.5 MB.
System memory in use after: 81.6 MB.

Unloading 19 unused Assets to reduce memory usage. Loaded Objects now: 2295.
Total: 2.206200 ms (FindLiveObjects: 0.126700 ms CreateObjectMapping: 0.063900 ms MarkObjects: 1.973500 ms  DeleteObjects: 0.041300 ms)

AssetImportParameters requested are different than current active one (requested -> active):
  custom:framework-win-MediaFoundation: 216162199b28c13a410421893ffa2e32 -> 
  custom:video-decoder-ogg-theora: a1e56fd34408186e4bbccfd4996cb3dc -> 
  custom:container-muxer-webm: aa71ff27fc2769a1b78a27578f13a17b -> 
  custom:container-demuxer-webm: 4f35f7cbe854078d1ac9338744f61a02 -> 
  custom:container-demuxer-ogg: 62fdf1f143b41e24485cea50d1cbac27 -> 
  custom:video-encoder-webm-vp8: eb34c28f22e8b96e1ab97ce403110664 -> 
  custom:video-decoder-webm-vp8: 9c59270c3fd7afecdb556c50c9e8de78 -> 
  custom:audio-decoder-ogg-vorbis: bf7c407c2cedff20999df2af8eb42d56 -> 
  custom:audio-encoder-webm-vorbis: bf7c407c2cedff20999df2af8eb42d56 -> 
========================================================================
Received Import Request.
  path: Assets/GroundSpinnyBit.prefab
  artifactKey: Guid(6ad6ceb880a32e24db67300651f43844) Importer(815301076,1909f56bfc062723c751e8b465ee728b)
Start importing Assets/GroundSpinnyBit.prefab using Guid(6ad6ceb880a32e24db67300651f43844) Importer(815301076,1909f56bfc062723c751e8b465ee728b)  -> (artifact id: '395aa2d14c78e6334c257524ba81f394') in 0.091021 seconds 
  Import took 0.093216 seconds .

========================================================================
Received Import Request.
  Time since last request: 0.000377 seconds.
  path: Assets/Player.prefab
  artifactKey: Guid(0ea5a1cf91f62aa419ae75bf19769344) Importer(815301076,1909f56bfc062723c751e8b465ee728b)
Start importing Assets/Player.prefab using Guid(0ea5a1cf91f62aa419ae75bf19769344) Importer(815301076,1909f56bfc062723c751e8b465ee728b)  -> (artifact id: '251b065904f9913f0f3611ca1e8405a6') in 0.026316 seconds 
  Import took 0.028530 seconds .

========================================================================
Received Import Request.
  Time since last request: 0.000289 seconds.
  path: Assets/SphereMovement.inputactions
  artifactKey: Guid(cc8fbc94710e0e84d85f2f13ba648689) Importer(815301076,1909f56bfc062723c751e8b465ee728b)
Start importing Assets/SphereMovement.inputactions using Guid(cc8fbc94710e0e84d85f2f13ba648689) Importer(815301076,1909f56bfc062723c751e8b465ee728b)  -> (artifact id: '0cc4924fcf49a9ca6ed81730f4631d14') in 0.008304 seconds 
  Import took 0.010404 seconds .

========================================================================
Received Import Request.
  Time since last request: 0.000330 seconds.
  path: Assets/Player 1.prefab
  artifactKey: Guid(4fbf531149dee7341a8c7ec76dc43d89) Importer(815301076,1909f56bfc062723c751e8b465ee728b)
Start importing Assets/Player 1.prefab using Guid(4fbf531149dee7341a8c7ec76dc43d89) Importer(815301076,1909f56bfc062723c751e8b465ee728b)  -> (artifact id: '61ad713ebd46e3a81239d89a27a47716') in 0.013432 seconds 
  Import took 0.016199 seconds .

========================================================================
Received Import Request.
  Time since last request: 0.000275 seconds.
  path: Assets/Cube (2).prefab
  artifactKey: Guid(3937b38ba21e13b45b795293cbacfe88) Importer(815301076,1909f56bfc062723c751e8b465ee728b)
Start importing Assets/Cube (2).prefab using Guid(3937b38ba21e13b45b795293cbacfe88) Importer(815301076,1909f56bfc062723c751e8b465ee728b)  -> (artifact id: 'cafa04b106aa9d595ff104bc589cdd56') in 0.009380 seconds 
  Import took 0.011692 seconds .

========================================================================
Received Import Request.
  Time since last request: 0.000264 seconds.
  path: Assets/SpinnyBit.prefab
  artifactKey: Guid(eebf98f5a6d248345bc31c2c183830d0) Importer(815301076,1909f56bfc062723c751e8b465ee728b)
Start importing Assets/SpinnyBit.prefab using Guid(eebf98f5a6d248345bc31c2c183830d0) Importer(815301076,1909f56bfc062723c751e8b465ee728b)  -> (artifact id: '56bcb5e3ad726a5d24f5ac3c8a56e176') in 0.012137 seconds 
  Import took 0.014848 seconds .

========================================================================
Received Prepare
Registering precompiled user dll's ...
Registered in 0.002408 seconds.
Begin MonoManager ReloadAssembly
Native extension for WindowsStandalone target not found
Refreshing native plugins compatible for Editor in 0.29 ms, found 2 plugins.
Preloading 0 native plugins for Editor in 0.00 ms.
Mono: successfully reloaded assembly
- Completed reload, in  0.759 seconds
Domain Reload Profiling:
	ReloadAssembly (759ms)
		BeginReloadAssembly (113ms)
			ExecutionOrderSort (0ms)
			DisableScriptedObjects (5ms)
			BackupInstance (0ms)
			ReleaseScriptingObjects (0ms)
			CreateAndSetChildDomain (29ms)
		EndReloadAssembly (605ms)
			LoadAssemblies (78ms)
			RebuildTransferFunctionScriptingTraits (0ms)
			SetupTypeCache (210ms)
			ReleaseScriptCaches (1ms)
			RebuildScriptCaches (27ms)
			SetupLoadedEditorAssemblies (227ms)
				LogAssemblyErrors (0ms)
				InitializePlatformSupportModulesInManaged (3ms)
				SetLoadedEditorAssemblies (0ms)
				RefreshPlugins (0ms)
				BeforeProcessingInitializeOnLoad (47ms)
				ProcessInitializeOnLoadAttributes (168ms)
				ProcessInitializeOnLoadMethodAttributes (7ms)
				AfterProcessingInitializeOnLoad (2ms)
				EditorAssembliesLoaded (0ms)
			ExecutionOrderSort2 (0ms)
			AwakeInstancesAfterBackupRestoration (5ms)
Platform modules already initialized, skipping
Refreshing native plugins compatible for Editor in 0.63 ms, found 2 plugins.
Preloading 0 native plugins for Editor in 0.00 ms.
Unloading 1851 Unused Serialized files (Serialized files now loaded: 0)
System memory in use before: 84.8 MB.
System memory in use after: 84.9 MB.

Unloading 13 unused Assets to reduce memory usage. Loaded Objects now: 2307.
Total: 2.796500 ms (FindLiveObjects: 0.129000 ms CreateObjectMapping: 0.049100 ms MarkObjects: 2.599100 ms  DeleteObjects: 0.018300 ms)

AssetImportParameters requested are different than current active one (requested -> active):
  custom:framework-win-MediaFoundation: 216162199b28c13a410421893ffa2e32 -> 
  custom:video-decoder-ogg-theora: a1e56fd34408186e4bbccfd4996cb3dc -> 
  custom:container-muxer-webm: aa71ff27fc2769a1b78a27578f13a17b -> 
  custom:container-demuxer-webm: 4f35f7cbe854078d1ac9338744f61a02 -> 
  custom:container-demuxer-ogg: 62fdf1f143b41e24485cea50d1cbac27 -> 
  custom:video-encoder-webm-vp8: eb34c28f22e8b96e1ab97ce403110664 -> 
  custom:video-decoder-webm-vp8: 9c59270c3fd7afecdb556c50c9e8de78 -> 
  custom:audio-decoder-ogg-vorbis: bf7c407c2cedff20999df2af8eb42d56 -> 
  custom:audio-encoder-webm-vorbis: bf7c407c2cedff20999df2af8eb42d56 -> 
========================================================================
Received Prepare
Refreshing native plugins compatible for Editor in 5.75 ms, found 2 plugins.
Preloading 0 native plugins for Editor in 0.00 ms.
Unloading 10 Unused Serialized files (Serialized files now loaded: 0)
System memory in use before: 48.4 MB.
System memory in use after: 48.5 MB.

Unloading 10 unused Assets to reduce memory usage. Loaded Objects now: 2307.
Total: 6.273400 ms (FindLiveObjects: 0.392100 ms CreateObjectMapping: 0.114800 ms MarkObjects: 5.735400 ms  DeleteObjects: 0.029400 ms)

AssetImportParameters requested are different than current active one (requested -> active):
  custom:framework-win-MediaFoundation: 216162199b28c13a410421893ffa2e32 -> 
  custom:video-decoder-ogg-theora: a1e56fd34408186e4bbccfd4996cb3dc -> 
  custom:container-muxer-webm: aa71ff27fc2769a1b78a27578f13a17b -> 
  custom:container-demuxer-webm: 4f35f7cbe854078d1ac9338744f61a02 -> 
  custom:container-demuxer-ogg: 62fdf1f143b41e24485cea50d1cbac27 -> 
  custom:video-encoder-webm-vp8: eb34c28f22e8b96e1ab97ce403110664 -> 
  custom:video-decoder-webm-vp8: 9c59270c3fd7afecdb556c50c9e8de78 -> 
  custom:audio-decoder-ogg-vorbis: bf7c407c2cedff20999df2af8eb42d56 -> 
  custom:audio-encoder-webm-vorbis: bf7c407c2cedff20999df2af8eb42d56 -> 
========================================================================
Received Import Request.
  Time since last request: 1859.083971 seconds.
  path: Assets/ControlsForMovement.cs
  artifactKey: Guid(8c72f648e7ce417468ba0dc0e892eb68) Importer(815301076,1909f56bfc062723c751e8b465ee728b)
Start importing Assets/ControlsForMovement.cs using Guid(8c72f648e7ce417468ba0dc0e892eb68) Importer(815301076,1909f56bfc062723c751e8b465ee728b)  -> (artifact id: '62ed97dbea68ec6af01556fe0e0a561a') in 0.012111 seconds 
  Import took 0.014757 seconds .

========================================================================
Received Import Request.
  Time since last request: 0.542782 seconds.
  path: Assets/CheckPoint.cs
  artifactKey: Guid(5be59599f2c072441889964fd45d397e) Importer(815301076,1909f56bfc062723c751e8b465ee728b)
Start importing Assets/CheckPoint.cs using Guid(5be59599f2c072441889964fd45d397e) Importer(815301076,1909f56bfc062723c751e8b465ee728b)  -> (artifact id: '460e85b704a84426e2ce385c1861455d') in 0.004027 seconds 
  Import took 0.006268 seconds .

========================================================================
Received Import Request.
  Time since last request: 21.633395 seconds.
  path: Assets/SwingingObject.cs
  artifactKey: Guid(3c7dd5a6ce541b04296b7b5067b0d633) Importer(815301076,1909f56bfc062723c751e8b465ee728b)
Start importing Assets/SwingingObject.cs using Guid(3c7dd5a6ce541b04296b7b5067b0d633) Importer(815301076,1909f56bfc062723c751e8b465ee728b)  -> (artifact id: 'df3652cedc81171f36637a4228bb4952') in 0.004086 seconds 
  Import took 0.006393 seconds .

========================================================================
Received Import Request.
  Time since last request: 0.410793 seconds.
  path: Assets/ThrustObject.cs
  artifactKey: Guid(bbc7756283579834b9f566cc63d7469f) Importer(815301076,1909f56bfc062723c751e8b465ee728b)
Start importing Assets/ThrustObject.cs using Guid(bbc7756283579834b9f566cc63d7469f) Importer(815301076,1909f56bfc062723c751e8b465ee728b)  -> (artifact id: '34639bc067916c0bb142061f51b5cd1e') in 0.003565 seconds 
  Import took 0.005758 seconds .

========================================================================
Received Import Request.
  Time since last request: 14.193981 seconds.
  path: Assets/SphereMovement.cs
  artifactKey: Guid(5fa50d2f737653242a6ff1d5a3dc97ad) Importer(815301076,1909f56bfc062723c751e8b465ee728b)
Start importing Assets/SphereMovement.cs using Guid(5fa50d2f737653242a6ff1d5a3dc97ad) Importer(815301076,1909f56bfc062723c751e8b465ee728b)  -> (artifact id: '4ca8022280feede72f316159adea8f4b') in 0.003270 seconds 
  Import took 0.005610 seconds .

AssetImportWorkerClient::OnTransportError - code=2 error=End of file
